c:\users\leona\documents\github\eep\datastructures\datastructures\x64\debug\datastructures.pch
c:\users\leona\documents\github\eep\datastructures\datastructures\x64\debug\vc141.pdb
c:\users\leona\documents\github\eep\datastructures\datastructures\x64\debug\vc141.idb
c:\users\leona\documents\github\eep\datastructures\datastructures\x64\debug\stdafx.obj
c:\users\leona\documents\github\eep\datastructures\datastructures\x64\debug\singlylinkedlist.obj
c:\users\leona\documents\github\eep\datastructures\datastructures\x64\debug\datastructures.obj
c:\users\leona\documents\github\eep\datastructures\datastructures\x64\debug\doublylinkedlist.obj
c:\users\leona\documents\github\eep\datastructures\datastructures\x64\debug\doublylinkedlisttests.obj
c:\users\leona\documents\github\eep\datastructures\datastructures\x64\debug\singlylinkedlisttests.obj
c:\users\leona\documents\github\eep\datastructures\x64\debug\datastructures.pdb
c:\users\leona\documents\github\eep\datastructures\datastructures\x64\debug\datastructures.tlog\cl.command.1.tlog
c:\users\leona\documents\github\eep\datastructures\datastructures\x64\debug\datastructures.tlog\cl.read.1.tlog
c:\users\leona\documents\github\eep\datastructures\datastructures\x64\debug\datastructures.tlog\cl.write.1.tlog
c:\users\leona\documents\github\eep\datastructures\datastructures\x64\debug\datastructures.tlog\link-cvtres.read.1.tlog
c:\users\leona\documents\github\eep\datastructures\datastructures\x64\debug\datastructures.tlog\link-cvtres.write.1.tlog
c:\users\leona\documents\github\eep\datastructures\datastructures\x64\debug\datastructures.tlog\link-rc.read.1.tlog
c:\users\leona\documents\github\eep\datastructures\datastructures\x64\debug\datastructures.tlog\link-rc.write.1.tlog
c:\users\leona\documents\github\eep\datastructures\datastructures\x64\debug\datastructures.tlog\link.2520-cvtres.read.1.tlog
c:\users\leona\documents\github\eep\datastructures\datastructures\x64\debug\datastructures.tlog\link.2520-cvtres.write.1.tlog
c:\users\leona\documents\github\eep\datastructures\datastructures\x64\debug\datastructures.tlog\link.2520-rc.read.1.tlog
c:\users\leona\documents\github\eep\datastructures\datastructures\x64\debug\datastructures.tlog\link.2520-rc.write.1.tlog
c:\users\leona\documents\github\eep\datastructures\datastructures\x64\debug\datastructures.tlog\link.2520.read.1.tlog
c:\users\leona\documents\github\eep\datastructures\datastructures\x64\debug\datastructures.tlog\link.2520.write.1.tlog
c:\users\leona\documents\github\eep\datastructures\datastructures\x64\debug\datastructures.tlog\link.command.1.tlog
c:\users\leona\documents\github\eep\datastructures\datastructures\x64\debug\datastructures.tlog\link.read.1.tlog
c:\users\leona\documents\github\eep\datastructures\datastructures\x64\debug\datastructures.tlog\link.write.1.tlog
